<?xml version="1.0" encoding="UTF-8"?>
<testng-results skipped="0" failed="0" ignored="0" total="1" passed="1">
  <reporter-output>
  </reporter-output>
  <suite name="Suite" duration-ms="25" started-at="2018-02-11T04:24:32Z" finished-at="2018-02-11T04:24:32Z">
    <groups>
    </groups>
    <test name="Test" duration-ms="25" started-at="2018-02-11T04:24:32Z" finished-at="2018-02-11T04:24:32Z">
      <class name="demo.PrintHello">
        <test-method status="PASS" signature="sayHello()[pri:0, instance:demo.PrintHello@3c5a99da]" name="sayHello" duration-ms="7" started-at="2018-02-10T23:24:32Z" finished-at="2018-02-10T23:24:32Z">
          <reporter-output>
          </reporter-output>
        </test-method> <!-- sayHello -->
      </class> <!-- demo.PrintHello -->
    </test> <!-- Test -->
  </suite> <!-- Suite -->
</testng-results>
