<?xml version="1.0" encoding="UTF-8"?>
<testng-results skipped="0" failed="0" ignored="0" total="1" passed="1">
  <reporter-output>
  </reporter-output>
  <suite name="Default suite" duration-ms="32" started-at="2018-02-11T04:23:22Z" finished-at="2018-02-11T04:23:22Z">
    <groups>
    </groups>
    <test name="Default test" duration-ms="32" started-at="2018-02-11T04:23:22Z" finished-at="2018-02-11T04:23:22Z">
      <class name="demo.PrintHello">
        <test-method status="PASS" signature="sayHello()[pri:0, instance:demo.PrintHello@1efbd816]" name="sayHello" duration-ms="8" started-at="2018-02-10T23:23:22Z" finished-at="2018-02-10T23:23:22Z">
          <reporter-output>
          </reporter-output>
        </test-method> <!-- sayHello -->
      </class> <!-- demo.PrintHello -->
    </test> <!-- Default test -->
  </suite> <!-- Default suite -->
</testng-results>
